<?xml version="1.0" encoding="UTF-8"?>
<!-- Generated by org.testng.reporters.JUnitReportReporter -->
<testsuite hostname="abdulraheem" failures="0" tests="1" name="Test_one" time="0.845" errors="0" timestamp="2023-09-03T20:56:26 EET" skipped="0">
  <testcase classname="Test_one" name="myTestTwo" time="0.845"/>
</testsuite> <!-- Test_one -->
